Using pre-set license
Built from '2021.1/staging' branch; Version is '2021.1.7f1 (d91830b65d9b) revision 14227504'; Using compiler version '192528614'; Build Type 'Release'
OS: 'Windows 10 Home Single Language; OS build 19042.1110; Version 2009; 64bit' Language: 'ru' Physical Memory: 16258 MB
BatchMode: 1, IsHumanControllingUs: 0, StartBugReporterOnCrash: 0, Is64bit: 1, IsPro: 0

 COMMAND LINE ARGUMENTS:
D:\UnityVersions\2021.1.7f1\Editor\Unity.exe
-adb2
-batchMode
-noUpm
-name
AssetImportWorker0
-projectPath
D:/Clones/Quiz/Quiz
-logFile
Logs/AssetImportWorker0.log
-srvPort
62566
Successfully changed project path to: D:/Clones/Quiz/Quiz
D:/Clones/Quiz/Quiz
Using Asset Import Pipeline V2.
Refreshing native plugins compatible for Editor in 85.43 ms, found 2 plugins.
Preloading 0 native plugins for Editor in 0.00 ms.
Initialize engine version: 2021.1.7f1 (d91830b65d9b)
[Subsystems] Discovering subsystems at path D:/UnityVersions/2021.1.7f1/Editor/Data/Resources/UnitySubsystems
[Subsystems] Discovering subsystems at path D:/Clones/Quiz/Quiz/Assets
GfxDevice: creating device client; threaded=0; jobified=0
Direct3D:
    Version:  Direct3D 11.0 [level 11.1]
    Renderer: NVIDIA GeForce GTX 1660 Ti (ID=0x2191)
    Vendor:   NVIDIA
    VRAM:     5991 MB
    Driver:   27.21.14.6280
Initialize mono
Mono path[0] = 'D:/UnityVersions/2021.1.7f1/Editor/Data/Managed'
Mono path[1] = 'D:/UnityVersions/2021.1.7f1/Editor/Data/MonoBleedingEdge/lib/mono/unityjit'
Mono config path = 'D:/UnityVersions/2021.1.7f1/Editor/Data/MonoBleedingEdge/etc'
Using monoOptions --debugger-agent=transport=dt_socket,embedding=1,server=y,suspend=n,address=127.0.0.1:56036
Begin MonoManager ReloadAssembly
Registering precompiled unity dll's ...
Register platform support module: D:/UnityVersions/2021.1.7f1/Editor/Data/PlaybackEngines/WebGLSupport/UnityEditor.WebGL.Extensions.dll
Register platform support module: D:/UnityVersions/2021.1.7f1/Editor/Data/PlaybackEngines/WindowsStandaloneSupport/UnityEditor.WindowsStandalone.Extensions.dll
Registered in 0.002460 seconds.
Native extension for WindowsStandalone target not found
Native extension for WebGL target not found
Refreshing native plugins compatible for Editor in 83.85 ms, found 2 plugins.
Preloading 0 native plugins for Editor in 0.00 ms.
Mono: successfully reloaded assembly
- Completed reload, in  2.534 seconds
Platform modules already initialized, skipping
Registering precompiled user dll's ...
Registered in 0.003547 seconds.
Begin MonoManager ReloadAssembly
Symbol file LoadedFromMemory doesn't match image D:\Clones\Quiz\Quiz\Library\PackageCache\com.unity.visualscripting@1.6.1\Editor\VisualScripting.Core\Dependencies\YamlDotNet\Unity.VisualScripting.YamlDotNet.dll
Symbol file LoadedFromMemory doesn't match image D:\Clones\Quiz\Quiz\Library\PackageCache\com.unity.visualscripting@1.6.1\Editor\VisualScripting.Core\Dependencies\DotNetZip\Unity.VisualScripting.IonicZip.dll
Native extension for WindowsStandalone target not found
Native extension for WebGL target not found
Refreshing native plugins compatible for Editor in 98.53 ms, found 2 plugins.
Preloading 0 native plugins for Editor in 0.00 ms.
Mono: successfully reloaded assembly
- Completed reload, in  1.177 seconds
Platform modules already initialized, skipping
========================================================================
Worker process is ready to serve import requests
Launched and connected shader compiler UnityShaderCompiler.exe after 0.07 seconds
Refreshing native plugins compatible for Editor in 0.58 ms, found 2 plugins.
Preloading 0 native plugins for Editor in 0.00 ms.
Unloading 3387 Unused Serialized files (Serialized files now loaded: 0)
System memory in use before: 128.6 MB.
System memory in use after: 128.7 MB.

Unloading 30 unused Assets to reduce memory usage. Loaded Objects now: 3846.
Total: 2.493100 ms (FindLiveObjects: 0.261400 ms CreateObjectMapping: 0.146600 ms MarkObjects: 1.973500 ms  DeleteObjects: 0.110600 ms)

========================================================================
Received Import Request.
  path: Assets/Scriptable Objects/Words/T.asset
  artifactKey: Guid(3346b9b6605177f46a1e58df84db8b60) Importer(815301076,1909f56bfc062723c751e8b465ee728b)
Start importing Assets/Scriptable Objects/Words/T.asset using Guid(3346b9b6605177f46a1e58df84db8b60) Importer(815301076,1909f56bfc062723c751e8b465ee728b)  -> (artifact id: '39371e09720644fd45cc907850e2949e') in 0.055827 seconds 
========================================================================
Received Import Request.
  Time since last request: 0.000232 seconds.
  path: Assets/Scriptable Objects/Words/Y.asset
  artifactKey: Guid(333fc88f858885345ac19d0d343cb897) Importer(815301076,1909f56bfc062723c751e8b465ee728b)
Start importing Assets/Scriptable Objects/Words/Y.asset using Guid(333fc88f858885345ac19d0d343cb897) Importer(815301076,1909f56bfc062723c751e8b465ee728b)  -> (artifact id: '2ae48f09106650fb9585bb24a5143f79') in 0.008710 seconds 
========================================================================
Received Import Request.
  Time since last request: 0.000257 seconds.
  path: Assets/Scripts/Spawner.cs
  artifactKey: Guid(03510c83bbc82d84090cc90bec9753e0) Importer(815301076,1909f56bfc062723c751e8b465ee728b)
Start importing Assets/Scripts/Spawner.cs using Guid(03510c83bbc82d84090cc90bec9753e0) Importer(815301076,1909f56bfc062723c751e8b465ee728b)  -> (artifact id: 'ab7e7301551d30a8a05320bc8e5b78e1') in 0.006884 seconds 
========================================================================
Received Import Request.
  Time since last request: 0.000235 seconds.
  path: Assets/Scriptable Objects/Words/M.asset
  artifactKey: Guid(fae17432c4398ac46a85b5dc7f546887) Importer(815301076,1909f56bfc062723c751e8b465ee728b)
Start importing Assets/Scriptable Objects/Words/M.asset using Guid(fae17432c4398ac46a85b5dc7f546887) Importer(815301076,1909f56bfc062723c751e8b465ee728b)  -> (artifact id: 'b70949032850fe3fead906cd8a103c7a') in 0.006521 seconds 
========================================================================
Received Import Request.
  Time since last request: 0.000294 seconds.
  path: Assets/Scriptable Objects/Words/N.asset
  artifactKey: Guid(399f2512d3af0f64781427ded9b824e2) Importer(815301076,1909f56bfc062723c751e8b465ee728b)
Start importing Assets/Scriptable Objects/Words/N.asset using Guid(399f2512d3af0f64781427ded9b824e2) Importer(815301076,1909f56bfc062723c751e8b465ee728b)  -> (artifact id: '9b730310c9ef90bcbfe6b6ee08892452') in 0.008460 seconds 
========================================================================
Received Import Request.
  Time since last request: 0.000242 seconds.
  path: Assets/Scriptable Objects/Words/O.asset
  artifactKey: Guid(acf87ac4f5dd3a748823f8ccd2010400) Importer(815301076,1909f56bfc062723c751e8b465ee728b)
Start importing Assets/Scriptable Objects/Words/O.asset using Guid(acf87ac4f5dd3a748823f8ccd2010400) Importer(815301076,1909f56bfc062723c751e8b465ee728b)  -> (artifact id: 'f9c77647bdeef111c434b18abfba17ca') in 0.006285 seconds 
========================================================================
Received Import Request.
  Time since last request: 0.000262 seconds.
  path: Assets/Scriptable Objects/Words/Z.asset
  artifactKey: Guid(8acd9ad80cf9cf24c8a76eb570d77827) Importer(815301076,1909f56bfc062723c751e8b465ee728b)
Start importing Assets/Scriptable Objects/Words/Z.asset using Guid(8acd9ad80cf9cf24c8a76eb570d77827) Importer(815301076,1909f56bfc062723c751e8b465ee728b)  -> (artifact id: '93ce2bddc0593b0d857a2189992696cc') in 0.012137 seconds 
========================================================================
Received Import Request.
  Time since last request: 0.000283 seconds.
  path: Assets/Scriptable Objects/Words/P.asset
  artifactKey: Guid(3bcfa9e4f6dc2c24d83823cb7b8ac6cb) Importer(815301076,1909f56bfc062723c751e8b465ee728b)
Start importing Assets/Scriptable Objects/Words/P.asset using Guid(3bcfa9e4f6dc2c24d83823cb7b8ac6cb) Importer(815301076,1909f56bfc062723c751e8b465ee728b)  -> (artifact id: '6ae0b0d0070aac4d652a0335561cb8cd') in 0.009788 seconds 
========================================================================
Received Import Request.
  Time since last request: 0.000243 seconds.
  path: Assets/Scriptable Objects/Words/W.asset
  artifactKey: Guid(d22ad59faf47f6344bf25f170713a478) Importer(815301076,1909f56bfc062723c751e8b465ee728b)
Start importing Assets/Scriptable Objects/Words/W.asset using Guid(d22ad59faf47f6344bf25f170713a478) Importer(815301076,1909f56bfc062723c751e8b465ee728b)  -> (artifact id: 'dcd8ad20fba5f171d65d254694b1b283') in 0.006304 seconds 
========================================================================
Received Import Request.
  Time since last request: 0.000209 seconds.
  path: Assets/Scriptable Objects/Words/Q.asset
  artifactKey: Guid(7618a9fca0e6e79448efb667e4354ea4) Importer(815301076,1909f56bfc062723c751e8b465ee728b)
Start importing Assets/Scriptable Objects/Words/Q.asset using Guid(7618a9fca0e6e79448efb667e4354ea4) Importer(815301076,1909f56bfc062723c751e8b465ee728b)  -> (artifact id: '3c0bb020d979337ed00a61fdd83fbd81') in 0.008474 seconds 
========================================================================
Received Import Request.
  Time since last request: 0.000234 seconds.
  path: Assets/Scriptable Objects/Words/S.asset
  artifactKey: Guid(1e3365466de9a774b848e95742fa171e) Importer(815301076,1909f56bfc062723c751e8b465ee728b)
Start importing Assets/Scriptable Objects/Words/S.asset using Guid(1e3365466de9a774b848e95742fa171e) Importer(815301076,1909f56bfc062723c751e8b465ee728b)  -> (artifact id: '70a987db38016db8215afba84fe9ba11') in 0.005996 seconds 
========================================================================
Received Import Request.
  Time since last request: 0.000220 seconds.
  path: Assets/Scriptable Objects/Words/X.asset
  artifactKey: Guid(7840adddad46e074a8dc197f0ea58d48) Importer(815301076,1909f56bfc062723c751e8b465ee728b)
Start importing Assets/Scriptable Objects/Words/X.asset using Guid(7840adddad46e074a8dc197f0ea58d48) Importer(815301076,1909f56bfc062723c751e8b465ee728b)  -> (artifact id: 'b11f5c03bf2b1cfdfec616be85697619') in 0.008523 seconds 
========================================================================
Received Import Request.
  Time since last request: 0.000227 seconds.
  path: Assets/Scriptable Objects/Words/U.asset
  artifactKey: Guid(08bc468a578b65e4da945917f6dc8000) Importer(815301076,1909f56bfc062723c751e8b465ee728b)
Start importing Assets/Scriptable Objects/Words/U.asset using Guid(08bc468a578b65e4da945917f6dc8000) Importer(815301076,1909f56bfc062723c751e8b465ee728b)  -> (artifact id: 'c5938b3a10defb57bf8b031380691bdf') in 0.006504 seconds 
========================================================================
Received Import Request.
  Time since last request: 0.000247 seconds.
  path: Assets/Scriptable Objects/Words/V.asset
  artifactKey: Guid(23436fdcdc7ae084b9a14c807a87f204) Importer(815301076,1909f56bfc062723c751e8b465ee728b)
Start importing Assets/Scriptable Objects/Words/V.asset using Guid(23436fdcdc7ae084b9a14c807a87f204) Importer(815301076,1909f56bfc062723c751e8b465ee728b)  -> (artifact id: 'd9d21beccacdf4a9619876305cafe17b') in 0.005650 seconds 
========================================================================
Received Import Request.
  Time since last request: 0.000214 seconds.
  path: Assets/Scriptable Objects/Words/R.asset
  artifactKey: Guid(846919e7f0fb37e4d95238abcbdab1c0) Importer(815301076,1909f56bfc062723c751e8b465ee728b)
Start importing Assets/Scriptable Objects/Words/R.asset using Guid(846919e7f0fb37e4d95238abcbdab1c0) Importer(815301076,1909f56bfc062723c751e8b465ee728b)  -> (artifact id: '08590714a46a66beb0995672cb5f08cf') in 0.005945 seconds 
========================================================================
Received Import Request.
  Time since last request: 21.238069 seconds.
  path: Assets/Scripts/Spawner.cs
  artifactKey: Guid(03510c83bbc82d84090cc90bec9753e0) Importer(815301076,1909f56bfc062723c751e8b465ee728b)
Start importing Assets/Scripts/Spawner.cs using Guid(03510c83bbc82d84090cc90bec9753e0) Importer(815301076,1909f56bfc062723c751e8b465ee728b)  -> (artifact id: '54ad63e145d42147afa2c7b4a19e70a8') in 0.013710 seconds 
========================================================================
Received Prepare
Registering precompiled user dll's ...
Registered in 0.034475 seconds.
Begin MonoManager ReloadAssembly
Symbol file LoadedFromMemory doesn't match image D:\Clones\Quiz\Quiz\Library\PackageCache\com.unity.visualscripting@1.6.1\Editor\VisualScripting.Core\Dependencies\YamlDotNet\Unity.VisualScripting.YamlDotNet.dll
Symbol file LoadedFromMemory doesn't match image D:\Clones\Quiz\Quiz\Library\PackageCache\com.unity.visualscripting@1.6.1\Editor\VisualScripting.Core\Dependencies\DotNetZip\Unity.VisualScripting.IonicZip.dll
Native extension for WindowsStandalone target not found
Native extension for WebGL target not found
Refreshing native plugins compatible for Editor in 0.62 ms, found 2 plugins.
Preloading 0 native plugins for Editor in 0.00 ms.
Mono: successfully reloaded assembly
- Completed reload, in  1.107 seconds
Platform modules already initialized, skipping
Refreshing native plugins compatible for Editor in 0.58 ms, found 2 plugins.
Preloading 0 native plugins for Editor in 0.00 ms.
Unloading 3382 Unused Serialized files (Serialized files now loaded: 0)
System memory in use before: 128.6 MB.
System memory in use after: 128.7 MB.

Unloading 18 unused Assets to reduce memory usage. Loaded Objects now: 3850.
Total: 2.527500 ms (FindLiveObjects: 0.235200 ms CreateObjectMapping: 0.131600 ms MarkObjects: 2.082000 ms  DeleteObjects: 0.078000 ms)

========================================================================
Received Import Request.
  Time since last request: 22.411923 seconds.
  path: Assets/Prefabs/Card.prefab
  artifactKey: Guid(6ed4a2d5d8d42434da8668b4f2eceb33) Importer(815301076,1909f56bfc062723c751e8b465ee728b)
Start importing Assets/Prefabs/Card.prefab using Guid(6ed4a2d5d8d42434da8668b4f2eceb33) Importer(815301076,1909f56bfc062723c751e8b465ee728b)  -> (artifact id: '02492ae0a49e77564dcd2518a9decf1e') in 0.122536 seconds 
========================================================================
Received Prepare
Registering precompiled user dll's ...
Registered in 0.024408 seconds.
Begin MonoManager ReloadAssembly
Symbol file LoadedFromMemory doesn't match image D:\Clones\Quiz\Quiz\Library\PackageCache\com.unity.visualscripting@1.6.1\Editor\VisualScripting.Core\Dependencies\YamlDotNet\Unity.VisualScripting.YamlDotNet.dll
Symbol file LoadedFromMemory doesn't match image D:\Clones\Quiz\Quiz\Library\PackageCache\com.unity.visualscripting@1.6.1\Editor\VisualScripting.Core\Dependencies\DotNetZip\Unity.VisualScripting.IonicZip.dll
Native extension for WindowsStandalone target not found
Native extension for WebGL target not found
Refreshing native plugins compatible for Editor in 0.56 ms, found 2 plugins.
Preloading 0 native plugins for Editor in 0.00 ms.
Mono: successfully reloaded assembly
- Completed reload, in  0.901 seconds
Platform modules already initialized, skipping
Refreshing native plugins compatible for Editor in 0.60 ms, found 2 plugins.
Preloading 0 native plugins for Editor in 0.00 ms.
Unloading 3382 Unused Serialized files (Serialized files now loaded: 0)
System memory in use before: 132.3 MB.
System memory in use after: 132.4 MB.

Unloading 18 unused Assets to reduce memory usage. Loaded Objects now: 3861.
Total: 2.706900 ms (FindLiveObjects: 0.233800 ms CreateObjectMapping: 0.124600 ms MarkObjects: 2.272300 ms  DeleteObjects: 0.075500 ms)

========================================================================
Received Import Request.
  Time since last request: 55.189185 seconds.
  path: Assets/Prefabs/Square.prefab
  artifactKey: Guid(24a79b928681c4c49bdf6a1df1cb5ac6) Importer(815301076,1909f56bfc062723c751e8b465ee728b)
Start importing Assets/Prefabs/Square.prefab using Guid(24a79b928681c4c49bdf6a1df1cb5ac6) Importer(815301076,1909f56bfc062723c751e8b465ee728b)  -> (artifact id: '65717177df8b06225f74f23f13b1dde6') in 0.069632 seconds 
========================================================================
Received Prepare
Registering precompiled user dll's ...
Registered in 0.024094 seconds.
Begin MonoManager ReloadAssembly
Symbol file LoadedFromMemory doesn't match image D:\Clones\Quiz\Quiz\Library\PackageCache\com.unity.visualscripting@1.6.1\Editor\VisualScripting.Core\Dependencies\YamlDotNet\Unity.VisualScripting.YamlDotNet.dll
Symbol file LoadedFromMemory doesn't match image D:\Clones\Quiz\Quiz\Library\PackageCache\com.unity.visualscripting@1.6.1\Editor\VisualScripting.Core\Dependencies\DotNetZip\Unity.VisualScripting.IonicZip.dll
Native extension for WindowsStandalone target not found
Native extension for WebGL target not found
Refreshing native plugins compatible for Editor in 0.61 ms, found 2 plugins.
Preloading 0 native plugins for Editor in 0.00 ms.
Mono: successfully reloaded assembly
- Completed reload, in  0.956 seconds
Platform modules already initialized, skipping
Refreshing native plugins compatible for Editor in 0.57 ms, found 2 plugins.
Preloading 0 native plugins for Editor in 0.00 ms.
Unloading 3382 Unused Serialized files (Serialized files now loaded: 0)
System memory in use before: 132.4 MB.
System memory in use after: 132.5 MB.

Unloading 18 unused Assets to reduce memory usage. Loaded Objects now: 3866.
Total: 2.431200 ms (FindLiveObjects: 0.246600 ms CreateObjectMapping: 0.174100 ms MarkObjects: 1.929300 ms  DeleteObjects: 0.080400 ms)

========================================================================
Received Prepare
Registering precompiled user dll's ...
Registered in 0.004192 seconds.
Begin MonoManager ReloadAssembly
Symbol file LoadedFromMemory doesn't match image D:\Clones\Quiz\Quiz\Library\PackageCache\com.unity.visualscripting@1.6.1\Editor\VisualScripting.Core\Dependencies\YamlDotNet\Unity.VisualScripting.YamlDotNet.dll
Symbol file LoadedFromMemory doesn't match image D:\Clones\Quiz\Quiz\Library\PackageCache\com.unity.visualscripting@1.6.1\Editor\VisualScripting.Core\Dependencies\DotNetZip\Unity.VisualScripting.IonicZip.dll
Native extension for WindowsStandalone target not found
Native extension for WebGL target not found
Refreshing native plugins compatible for Editor in 0.58 ms, found 2 plugins.
Preloading 0 native plugins for Editor in 0.00 ms.
Mono: successfully reloaded assembly
- Completed reload, in  0.977 seconds
Platform modules already initialized, skipping
Refreshing native plugins compatible for Editor in 0.56 ms, found 2 plugins.
Preloading 0 native plugins for Editor in 0.00 ms.
Unloading 3382 Unused Serialized files (Serialized files now loaded: 0)
System memory in use before: 132.4 MB.
System memory in use after: 132.5 MB.

Unloading 18 unused Assets to reduce memory usage. Loaded Objects now: 3870.
Total: 2.578200 ms (FindLiveObjects: 0.232900 ms CreateObjectMapping: 0.115600 ms MarkObjects: 2.153100 ms  DeleteObjects: 0.075900 ms)

========================================================================
Received Prepare
Registering precompiled user dll's ...
Registered in 0.024427 seconds.
Begin MonoManager ReloadAssembly
Symbol file LoadedFromMemory doesn't match image D:\Clones\Quiz\Quiz\Library\PackageCache\com.unity.visualscripting@1.6.1\Editor\VisualScripting.Core\Dependencies\YamlDotNet\Unity.VisualScripting.YamlDotNet.dll
Symbol file LoadedFromMemory doesn't match image D:\Clones\Quiz\Quiz\Library\PackageCache\com.unity.visualscripting@1.6.1\Editor\VisualScripting.Core\Dependencies\DotNetZip\Unity.VisualScripting.IonicZip.dll
Native extension for WindowsStandalone target not found
Native extension for WebGL target not found
Refreshing native plugins compatible for Editor in 0.55 ms, found 2 plugins.
Preloading 0 native plugins for Editor in 0.00 ms.
Mono: successfully reloaded assembly
- Completed reload, in  0.906 seconds
Platform modules already initialized, skipping
Refreshing native plugins compatible for Editor in 0.63 ms, found 2 plugins.
Preloading 0 native plugins for Editor in 0.00 ms.
Unloading 3382 Unused Serialized files (Serialized files now loaded: 0)
System memory in use before: 132.4 MB.
System memory in use after: 132.5 MB.

Unloading 18 unused Assets to reduce memory usage. Loaded Objects now: 3874.
Total: 2.391300 ms (FindLiveObjects: 0.252000 ms CreateObjectMapping: 0.152200 ms MarkObjects: 1.908400 ms  DeleteObjects: 0.077700 ms)

========================================================================
Received Import Request.
  Time since last request: 476.447603 seconds.
  path: Assets/Prefabs/Square.prefab
  artifactKey: Guid(24a79b928681c4c49bdf6a1df1cb5ac6) Importer(815301076,1909f56bfc062723c751e8b465ee728b)
Start importing Assets/Prefabs/Square.prefab using Guid(24a79b928681c4c49bdf6a1df1cb5ac6) Importer(815301076,1909f56bfc062723c751e8b465ee728b)  -> (artifact id: 'fb3f13c7359f9ff2ea18cb822a505ff5') in 0.070219 seconds 
========================================================================
Received Import Request.
  Time since last request: 7.557025 seconds.
  path: Assets/Prefabs/Square.prefab
  artifactKey: Guid(24a79b928681c4c49bdf6a1df1cb5ac6) Importer(815301076,1909f56bfc062723c751e8b465ee728b)
Start importing Assets/Prefabs/Square.prefab using Guid(24a79b928681c4c49bdf6a1df1cb5ac6) Importer(815301076,1909f56bfc062723c751e8b465ee728b)  -> (artifact id: '4a2068c5ebeea41db21e9b7e1331e5a3') in 0.040263 seconds 
========================================================================
Received Prepare
Registering precompiled user dll's ...
Registered in 0.027417 seconds.
Begin MonoManager ReloadAssembly
Symbol file LoadedFromMemory doesn't match image D:\Clones\Quiz\Quiz\Library\PackageCache\com.unity.visualscripting@1.6.1\Editor\VisualScripting.Core\Dependencies\YamlDotNet\Unity.VisualScripting.YamlDotNet.dll
Symbol file LoadedFromMemory doesn't match image D:\Clones\Quiz\Quiz\Library\PackageCache\com.unity.visualscripting@1.6.1\Editor\VisualScripting.Core\Dependencies\DotNetZip\Unity.VisualScripting.IonicZip.dll
Native extension for WindowsStandalone target not found
Native extension for WebGL target not found
Refreshing native plugins compatible for Editor in 0.58 ms, found 2 plugins.
Preloading 0 native plugins for Editor in 0.00 ms.
Mono: successfully reloaded assembly
- Completed reload, in  0.923 seconds
Platform modules already initialized, skipping
Refreshing native plugins compatible for Editor in 0.59 ms, found 2 plugins.
Preloading 0 native plugins for Editor in 0.00 ms.
Unloading 3382 Unused Serialized files (Serialized files now loaded: 0)
System memory in use before: 132.4 MB.
System memory in use after: 132.5 MB.

Unloading 18 unused Assets to reduce memory usage. Loaded Objects now: 3879.
Total: 2.286700 ms (FindLiveObjects: 0.236900 ms CreateObjectMapping: 0.142900 ms MarkObjects: 1.826000 ms  DeleteObjects: 0.080200 ms)

========================================================================
Received Import Request.
  Time since last request: 270.084170 seconds.
  path: Assets/Prefabs/CardMain.prefab
  artifactKey: Guid(24a79b928681c4c49bdf6a1df1cb5ac6) Importer(815301076,1909f56bfc062723c751e8b465ee728b)
Start importing Assets/Prefabs/CardMain.prefab using Guid(24a79b928681c4c49bdf6a1df1cb5ac6) Importer(815301076,1909f56bfc062723c751e8b465ee728b)  -> (artifact id: 'dfa13092a22070f9992513174ed2f9fe') in 0.070899 seconds 
AssetImportWorkerClient::OnTransportError - code=2 error=End of file
